<stage keygen_seq="19" version="2.0"><pageObj istt="false" print_scale="0" drawingHeight="552" border="0" print_grid="0" print_paper="LETTER" highResImage="1" drawingWidth="790" print_layout="0" fill="16777215" gr="1" pb="0" width="5000" height="5000" guides="0"><styles><shapeStyle dropShadowOn="true" fillColor="global:0xd1d1d1" gradientOn="true" lineWidth="-1" lineColor="global:0x333333"/><lineStyle width="1" pattern="0" begin="0" color="0x000000" connType="right" borderLine="false" end="0" roundCorners="true"/><textStyle style="" face="Arial" size="12" color="0"/></styles><objects><object linew="1" buff="11" linec="0" path="0,0,false,n,0;661,0,false,n,0;" version="1" class="TheStraightLine" numSegs="1" libraryId="standard" linep="3" x="149" endStyle="0" y="227" order="12" width="660" beginStyle="0" height="2" ln_id="14"><style borderedInnerColor="16777215" borderLine="false"/><text/></object><object linew="1" buff="11" linec="0" path="0,0,false,n,0;661,0,false,n,0;" version="1" class="TheStraightLine" numSegs="1" libraryId="standard" linep="3" x="148" endStyle="0" y="347" order="13" width="660" beginStyle="0" height="2" ln_id="15"><style borderedInnerColor="16777215" borderLine="false"/><text/></object><object fixed-aspect="false" order="0" fill="0" lock="false" text-horizontal-pos="center" linec="3355443" linew="2" rot="90" class="BasicRightArrowShape" shp_id="2" libraryid="com.gliffy.symbols.basic" dsy="-4" gradon="true" x="439" dsx="4" y="304" text-vertical-pos="middle" width="407" dshad="true" height="50"><text/><connlines/></object><object fixed-aspect="false" order="1" fill="52479" lock="false" text-horizontal-pos="center" linec="3355443" linew="2" rot="0" class="rectangle" shp_id="3" libraryid="com.gliffy.symbols.basic" dsy="4" gradon="true" x="325" dsx="4" y="164" text-vertical-pos="middle" width="150" dshad="true" height="75"><text><![CDATA[<P ALIGN="CENTER"><FONT FACE="Arial" SIZE="14" COLOR="#000000" LETTERSPACING="0" KERNING="0">Asterisk Unit Test Framework</FONT></P>]]></text><connlines/></object><object fixed-aspect="false" order="2" fill="39423" lock="false" text-horizontal-pos="center" linec="3355443" linew="2" rot="0" class="rectangle" shp_id="4" libraryid="com.gliffy.symbols.basic" dsy="4" gradon="true" x="324" dsx="4" y="285" text-vertical-pos="middle" width="150" dshad="true" height="75"><text><![CDATA[<P ALIGN="CENTER"><FONT FACE="Arial" SIZE="14" COLOR="#000000" LETTERSPACING="0" KERNING="0">Asterisk Test Suite</FONT></P>]]></text><connlines/></object><object fixed-aspect="false" order="3" fill="13311" lock="false" text-horizontal-pos="center" linec="3355443" linew="2" rot="0" class="rectangle" shp_id="5" libraryid="com.gliffy.symbols.basic" dsy="4" gradon="true" x="325" dsx="4" y="404" text-vertical-pos="middle" width="150" dshad="true" height="75"><text><![CDATA[<P ALIGN="CENTER"><FONT FACE="Arial" SIZE="14" COLOR="#000000" LETTERSPACING="0" KERNING="0">Formal System Tests</FONT></P>]]></text><connlines/></object><object fixed-aspect="false" order="4" fill="10027008" lock="false" text-horizontal-pos="center" linec="3355443" linew="2" rot="90" class="BasicRightArrowShape" shp_id="6" libraryid="com.gliffy.symbols.basic" dsy="-4" gradon="true" x="555" dsx="4" y="305" text-vertical-pos="middle" width="407" dshad="true" height="50"><text/><connlines/></object><object fixed-aspect="false" order="5" fill="16777215" lock="false" text-horizontal-pos="center" linec="0" linew="1" rot="0" class="text_shape" shp_id="7" libraryid="standard" gradon="false" x="438" y="81" text-vertical-pos="middle" width="150" dshad="false" height="26"><text><![CDATA[<P ALIGN="CENTER"><FONT FACE="Arial" SIZE="18" COLOR="#000000" LETTERSPACING="0" KERNING="0"><B>White Box</B></FONT></P>]]></text><connlines/></object><object fixed-aspect="false" order="6" fill="16777215" lock="false" text-horizontal-pos="center" linec="0" linew="1" rot="0" class="text_shape" shp_id="8" libraryid="standard" gradon="false" x="442" y="535" text-vertical-pos="middle" width="150" dshad="false" height="26"><text><![CDATA[<P ALIGN="CENTER"><FONT FACE="Arial" SIZE="18" COLOR="#000000" LETTERSPACING="0" KERNING="0"><B>Black Box</B></FONT></P>]]></text><connlines/></object><object fixed-aspect="false" order="7" fill="16777215" lock="false" text-horizontal-pos="center" linec="0" linew="1" rot="0" class="text_shape" shp_id="9" libraryid="standard" gradon="false" x="555" y="82" text-vertical-pos="middle" width="150" dshad="false" height="26"><text><![CDATA[<P ALIGN="CENTER"><FONT FACE="Arial" SIZE="18" COLOR="#000000" LETTERSPACING="0" KERNING="0"><B>Automated</B></FONT></P>]]></text><connlines/></object><object fixed-aspect="false" order="8" fill="16777215" lock="false" text-horizontal-pos="center" linec="0" linew="1" rot="0" class="text_shape" shp_id="10" libraryid="standard" gradon="false" x="555" y="536" text-vertical-pos="middle" width="150" dshad="false" height="26"><text><![CDATA[<P ALIGN="CENTER"><FONT FACE="Arial" SIZE="18" COLOR="#000000" LETTERSPACING="0" KERNING="0"><B>Manual</B></FONT></P>]]></text><connlines/></object><object fixed-aspect="false" order="9" fill="16777215" lock="false" text-horizontal-pos="center" linec="0" linew="1" rot="0" class="text_shape" shp_id="11" libraryid="standard" gradon="false" x="678" y="71" text-vertical-pos="middle" width="150" dshad="false" height="47"><text><![CDATA[<P ALIGN="CENTER"><FONT FACE="Arial" SIZE="18" COLOR="#000000" LETTERSPACING="0" KERNING="0"><B>Individual Component</B></FONT></P>]]></text><connlines/></object><object fixed-aspect="false" order="10" fill="16777215" lock="false" text-horizontal-pos="center" linec="0" linew="1" rot="0" class="text_shape" shp_id="12" libraryid="standard" gradon="false" x="679" y="548" text-vertical-pos="middle" width="150" dshad="false" height="47"><text><![CDATA[<P ALIGN="CENTER"><FONT FACE="Arial" SIZE="18" COLOR="#000000" LETTERSPACING="0" KERNING="0"><B>Multiple Components</B></FONT></P>]]></text><connlines/></object><object fixed-aspect="false" order="11" fill="39168" lock="false" text-horizontal-pos="center" linec="3355443" linew="2" rot="90" class="BasicRightArrowShape" shp_id="13" libraryid="com.gliffy.symbols.basic" dsy="-4" gradon="true" x="673" dsx="4" y="306" text-vertical-pos="middle" width="407" dshad="true" height="50"><text/><connlines/></object><object fixed-aspect="false" order="14" fill="16777215" lock="false" text-horizontal-pos="center" linec="0" linew="1" rot="0" class="text_shape" shp_id="16" libraryid="standard" gradon="false" x="122" y="164" text-vertical-pos="middle" width="150" dshad="false" height="26"><text><![CDATA[<P ALIGN="CENTER"><FONT FACE="Arial" SIZE="18" COLOR="#000000" LETTERSPACING="0" KERNING="0"><B>Unit</B></FONT></P>]]></text><connlines/></object><object fixed-aspect="false" order="15" fill="16777215" lock="false" text-horizontal-pos="center" linec="0" linew="1" rot="0" class="text_shape" shp_id="17" libraryid="standard" gradon="false" x="120" y="284" text-vertical-pos="middle" width="150" dshad="false" height="26"><text><![CDATA[<P ALIGN="CENTER"><FONT FACE="Arial" SIZE="18" COLOR="#000000" LETTERSPACING="0" KERNING="0"><B>Integration</B></FONT></P>]]></text><connlines/></object><object fixed-aspect="false" order="16" fill="16777215" lock="false" text-horizontal-pos="center" linec="0" linew="1" rot="0" class="text_shape" shp_id="18" libraryid="standard" gradon="false" x="120" y="406" text-vertical-pos="middle" width="150" dshad="false" height="26"><text><![CDATA[<P ALIGN="CENTER"><FONT FACE="Arial" SIZE="18" COLOR="#000000" LETTERSPACING="0" KERNING="0"><B>System</B></FONT></P>]]></text><connlines/></object></objects></pageObj></stage>